[03/15/2022 00:17:43 INF] "Api Request" GET: /api/projects?id=0 
[03/15/2022 00:17:43 INF] "Api Request" GET: /api/clients?id=0&id=8&id=9 
[03/15/2022 00:17:43 INF] "Api Request" GET: /api/employees?id=0&id=10&id=1 
[03/15/2022 00:17:43 INF] "Api Request" GET: /api/harvest?_end=62070&_order=ASC&_sort=id&_start=62060 
[03/15/2022 00:17:43 INF] Start processing HTTP request "GET" https://api.harvestapp.com/v2/time_entries?per_page=100&page=621 
[03/15/2022 00:17:43 INF] Sending HTTP request "GET" https://api.harvestapp.com/v2/time_entries?per_page=100&page=621 
[03/15/2022 00:17:43 INF] "Api Response" GET: /api/projects?id=0 
[03/15/2022 00:17:43 INF] "Api Response" GET: /api/clients?id=0&id=8&id=9 
[03/15/2022 00:17:43 INF] "Api Response" GET: /api/employees?id=0&id=10&id=1 
[03/15/2022 00:17:45 INF] Received HTTP response headers after 1806.7128ms - 200 
[03/15/2022 00:17:45 INF] End processing HTTP request after 1835.7281ms - 200 
[03/15/2022 00:17:45 INF] "Api Response" GET: /api/harvest?_end=62070&_order=ASC&_sort=id&_start=62060 
[03/15/2022 00:17:46 INF] "Api Request" GET: /api/projects?id=0 
[03/15/2022 00:17:46 INF] "Api Request" GET: /api/clients?id=0&id=8 
[03/15/2022 00:17:46 INF] "Api Request" GET: /api/employees?id=10&id=0&id=1 
[03/15/2022 00:17:46 INF] "Api Response" GET: /api/projects?id=0 
[03/15/2022 00:17:46 INF] "Api Response" GET: /api/employees?id=10&id=0&id=1 
[03/15/2022 00:17:46 INF] "Api Response" GET: /api/clients?id=0&id=8 
[03/15/2022 00:18:00 INF] "Api Request" GET: /api/harvest?_end=10&_order=ASC&_sort=id&_start=0 
[03/15/2022 00:18:00 INF] Start processing HTTP request "GET" https://api.harvestapp.com/v2/time_entries?per_page=100&page=1 
[03/15/2022 00:18:00 INF] Sending HTTP request "GET" https://api.harvestapp.com/v2/time_entries?per_page=100&page=1 
[03/15/2022 00:18:01 INF] Received HTTP response headers after 664.3547ms - 200 
[03/15/2022 00:18:01 INF] End processing HTTP request after 674.6241ms - 200 
[03/15/2022 00:18:01 INF] "Api Response" GET: /api/harvest?_end=10&_order=ASC&_sort=id&_start=0 
[03/15/2022 00:18:01 INF] "Api Request" GET: /api/clients?id=8&id=1&id=0&id=2&id=5 
[03/15/2022 00:18:01 INF] "Api Request" GET: /api/employees?id=10&id=0 
[03/15/2022 00:18:01 INF] "Api Request" GET: /api/projects?id=0&id=2 
[03/15/2022 00:18:01 INF] "Api Response" GET: /api/employees?id=10&id=0 
[03/15/2022 00:18:01 INF] "Api Response" GET: /api/clients?id=8&id=1&id=0&id=2&id=5 
[03/15/2022 00:18:01 INF] "Api Response" GET: /api/projects?id=0&id=2 
[03/15/2022 00:18:29 INF] "Api Request" GET: /api/employees?_end=10&_order=ASC&_sort=id&_start=0 
[03/15/2022 00:18:29 INF] "Api Response" GET: /api/employees?_end=10&_order=ASC&_sort=id&_start=0 
[03/15/2022 00:18:34 INF] "Api Request" GET: /api/clients?_end=10&_order=ASC&_sort=id&_start=0 
[03/15/2022 00:18:34 INF] "Api Response" GET: /api/clients?_end=10&_order=ASC&_sort=id&_start=0 
[03/15/2022 00:18:35 INF] "Api Request" GET: /api/projects?_end=25&_order=DESC&_sort=id&_start=0&clientId=2 
[03/15/2022 00:18:35 INF] "Api Request" GET: /api/clients/2 
[03/15/2022 00:18:35 INF] "Api Response" GET: /api/projects?_end=25&_order=DESC&_sort=id&_start=0&clientId=2 
[03/15/2022 00:18:35 INF] "Api Response" GET: /api/clients/2 
[03/15/2022 00:18:52 INF] "Api Request" GET: /api/employees?_end=10&_order=ASC&_sort=id&_start=0 
[03/15/2022 00:18:52 INF] "Api Response" GET: /api/employees?_end=10&_order=ASC&_sort=id&_start=0 
[03/15/2022 00:19:04 INF] "Api Request" GET: /api/projects?_end=10&_order=ASC&_sort=id&_start=0 
[03/15/2022 00:19:04 INF] "Api Response" GET: /api/projects?_end=10&_order=ASC&_sort=id&_start=0 
[03/15/2022 00:19:04 INF] "Api Request" GET: /api/clients?id=7&id=1&id=3&id=2 
[03/15/2022 00:19:04 INF] "Api Response" GET: /api/clients?id=7&id=1&id=3&id=2 
[03/15/2022 00:20:12 INF] "Api Request" GET: /api/employees?_end=10&_order=ASC&_sort=id&_start=0 
[03/15/2022 00:20:12 INF] "Api Response" GET: /api/employees?_end=10&_order=ASC&_sort=id&_start=0 
[03/15/2022 00:20:25 INF] "Api Request" GET: /api/employees/1 
[03/15/2022 00:20:25 INF] "Api Request" GET: /api/harvest?_end=10&_order=DESC&_sort=id&_start=0&user.id=1085563 
[03/15/2022 00:20:25 INF] Start processing HTTP request "GET" https://api.harvestapp.com/v2/time_entries?per_page=100&page=1&user_id=1085563 
[03/15/2022 00:20:25 INF] "Api Response" GET: /api/employees/1 
[03/15/2022 00:20:25 INF] Sending HTTP request "GET" https://api.harvestapp.com/v2/time_entries?per_page=100&page=1&user_id=1085563 
[03/15/2022 00:20:26 INF] Received HTTP response headers after 541.244ms - 200 
[03/15/2022 00:20:26 INF] End processing HTTP request after 569.9203ms - 200 
[03/15/2022 00:20:26 INF] "Api Response" GET: /api/harvest?_end=10&_order=DESC&_sort=id&_start=0&user.id=1085563 
[03/15/2022 00:20:26 INF] "Api Request" GET: /api/clients?id=2&id=3&id=7&id=0&id=1&id=8 
[03/15/2022 00:20:26 INF] "Api Response" GET: /api/clients?id=2&id=3&id=7&id=0&id=1&id=8 
[03/15/2022 00:20:26 INF] "Api Request" GET: /api/projects?id=4&id=3&id=1&id=0&id=2 
[03/15/2022 00:20:27 INF] "Api Response" GET: /api/projects?id=4&id=3&id=1&id=0&id=2 
[03/15/2022 00:21:18 INF] "Api Request" GET: /api/clients?_end=10&_order=ASC&_sort=id&_start=0 
[03/15/2022 00:21:18 INF] "Api Response" GET: /api/clients?_end=10&_order=ASC&_sort=id&_start=0 
[03/15/2022 00:21:21 INF] "Api Request" GET: /api/projects?_end=25&_order=DESC&_sort=id&_start=0&clientId=6 
[03/15/2022 00:21:21 INF] "Api Request" GET: /api/clients/6 
[03/15/2022 00:21:21 INF] "Api Response" GET: /api/clients/6 
[03/15/2022 00:21:21 INF] "Api Response" GET: /api/projects?_end=25&_order=DESC&_sort=id&_start=0&clientId=6 
[03/15/2022 00:21:27 INF] "Api Request" GET: /api/projects?_end=25&_order=DESC&_sort=id&_start=0&clientId=6 
[03/15/2022 00:21:27 INF] "Api Request" GET: /api/clients/6 
[03/15/2022 00:21:27 INF] "Api Response" GET: /api/projects?_end=25&_order=DESC&_sort=id&_start=0&clientId=6 
[03/15/2022 00:21:27 INF] "Api Response" GET: /api/clients/6 
[03/15/2022 00:21:28 INF] "Api Request" GET: /api/projects?_end=10&_order=ASC&_sort=id&_start=0 
[03/15/2022 00:21:28 INF] "Api Response" GET: /api/projects?_end=10&_order=ASC&_sort=id&_start=0 
[03/15/2022 00:21:28 INF] "Api Request" GET: /api/clients?id=7&id=1&id=3&id=2 
[03/15/2022 00:21:28 INF] "Api Response" GET: /api/clients?id=7&id=1&id=3&id=2 
[03/15/2022 00:21:31 INF] "Api Request" GET: /api/clients?_end=10&_order=ASC&_sort=id&_start=0 
[03/15/2022 00:21:31 INF] "Api Response" GET: /api/clients?_end=10&_order=ASC&_sort=id&_start=0 
[03/15/2022 00:21:32 INF] "Api Request" GET: /api/projects?_end=25&_order=DESC&_sort=id&_start=0&clientId=1 
[03/15/2022 00:21:32 INF] "Api Request" GET: /api/clients/1 
[03/15/2022 00:21:32 INF] "Api Response" GET: /api/clients/1 
[03/15/2022 00:21:32 INF] "Api Response" GET: /api/projects?_end=25&_order=DESC&_sort=id&_start=0&clientId=1 
[03/15/2022 00:44:01 INF] "Api Request" GET: /api/projects?id=4&id=3&id=1&id=0&id=2 
[03/15/2022 00:44:01 INF] "Api Request" GET: /api/employees/1 
[03/15/2022 00:44:01 INF] "Api Request" GET: /api/clients?id=2&id=3&id=7&id=0&id=1&id=8 
[03/15/2022 00:44:01 INF] "Api Request" GET: /api/harvest?_end=10&_order=DESC&_sort=id&_start=0&user.id=1085563 
[03/15/2022 00:44:02 INF] "Api Response" GET: /api/projects?id=4&id=3&id=1&id=0&id=2 
[03/15/2022 00:44:02 INF] "Api Response" GET: /api/clients?id=2&id=3&id=7&id=0&id=1&id=8 
[03/15/2022 00:44:02 INF] "Api Response" GET: /api/employees/1 
[03/15/2022 00:44:02 INF] Start processing HTTP request "GET" https://api.harvestapp.com/v2/time_entries?per_page=100&page=1&user_id=1085563 
[03/15/2022 00:44:03 INF] Sending HTTP request "GET" https://api.harvestapp.com/v2/time_entries?per_page=100&page=1&user_id=1085563 
[03/15/2022 00:44:04 INF] Received HTTP response headers after 1131.1374ms - 200 
[03/15/2022 00:44:04 INF] End processing HTTP request after 1617.8031ms - 200 
[03/15/2022 00:44:04 INF] "Api Response" GET: /api/harvest?_end=10&_order=DESC&_sort=id&_start=0&user.id=1085563 
[03/15/2022 00:46:31 INF] "Api Request" GET: /api/employees/1 
[03/15/2022 00:46:32 INF] "Api Response" GET: /api/employees/1 
[03/15/2022 00:58:27 INF] "Api Request" GET: /api/employees?_end=10&_order=ASC&_sort=id&_start=0 
[03/15/2022 00:58:28 ERR] Failed executing DbCommand ("22"ms) [Parameters=[""], CommandType='Text', CommandTimeout='30']"
""SELECT [e].[Id], [e].[Email], [e].[FirstName], [e].[HarvestAccountId], [e].[LastName], [e].[Phone]
FROM [Employees] AS [e]" 
[03/15/2022 00:58:28 ERR] An exception occurred while iterating over the results of a query for context type '"ZigitHub.Infra.Data.Context.ApplicationContext"'."
""Microsoft.Data.SqlClient.SqlException (0x80131904): Invalid column name 'Phone'.
   at Microsoft.Data.SqlClient.SqlCommand.<>c.<ExecuteDbDataReaderAsync>b__169_0(Task`1 result)
   at System.Threading.Tasks.ContinuationResultTaskFromResultTask`2.InnerInvoke()
   at System.Threading.Tasks.Task.<>c.<.cctor>b__277_0(Object obj)
   at System.Threading.ExecutionContext.RunInternal(ExecutionContext executionContext, ContextCallback callback, Object state)
--- End of stack trace from previous location ---
   at System.Threading.ExecutionContext.RunInternal(ExecutionContext executionContext, ContextCallback callback, Object state)
   at System.Threading.Tasks.Task.ExecuteWithThreadLocal(Task& currentTaskSlot, Thread threadPoolThread)
--- End of stack trace from previous location ---
   at Microsoft.EntityFrameworkCore.Storage.RelationalCommand.ExecuteReaderAsync(RelationalCommandParameterObject parameterObject, CancellationToken cancellationToken)
   at Microsoft.EntityFrameworkCore.Storage.RelationalCommand.ExecuteReaderAsync(RelationalCommandParameterObject parameterObject, CancellationToken cancellationToken)
   at Microsoft.EntityFrameworkCore.Query.Internal.SingleQueryingEnumerable`1.AsyncEnumerator.InitializeReaderAsync(DbContext _, Boolean result, CancellationToken cancellationToken)
   at Microsoft.EntityFrameworkCore.SqlServer.Storage.Internal.SqlServerExecutionStrategy.ExecuteAsync[TState,TResult](TState state, Func`4 operation, Func`4 verifySucceeded, CancellationToken cancellationToken)
   at Microsoft.EntityFrameworkCore.Query.Internal.SingleQueryingEnumerable`1.AsyncEnumerator.MoveNextAsync()
ClientConnectionId:62a0540b-86bc-4d7f-a54c-59ffd990744f
Error Number:207,State:1,Class:16" Microsoft.Data.SqlClient.SqlException (0x80131904): Invalid column name 'Phone'.
   at Microsoft.Data.SqlClient.SqlCommand.<>c.<ExecuteDbDataReaderAsync>b__169_0(Task`1 result)
   at System.Threading.Tasks.ContinuationResultTaskFromResultTask`2.InnerInvoke()
   at System.Threading.Tasks.Task.<>c.<.cctor>b__277_0(Object obj)
   at System.Threading.ExecutionContext.RunInternal(ExecutionContext executionContext, ContextCallback callback, Object state)
--- End of stack trace from previous location ---
   at System.Threading.ExecutionContext.RunInternal(ExecutionContext executionContext, ContextCallback callback, Object state)
   at System.Threading.Tasks.Task.ExecuteWithThreadLocal(Task& currentTaskSlot, Thread threadPoolThread)
--- End of stack trace from previous location ---
   at Microsoft.EntityFrameworkCore.Storage.RelationalCommand.ExecuteReaderAsync(RelationalCommandParameterObject parameterObject, CancellationToken cancellationToken)
   at Microsoft.EntityFrameworkCore.Storage.RelationalCommand.ExecuteReaderAsync(RelationalCommandParameterObject parameterObject, CancellationToken cancellationToken)
   at Microsoft.EntityFrameworkCore.Query.Internal.SingleQueryingEnumerable`1.AsyncEnumerator.InitializeReaderAsync(DbContext _, Boolean result, CancellationToken cancellationToken)
   at Microsoft.EntityFrameworkCore.SqlServer.Storage.Internal.SqlServerExecutionStrategy.ExecuteAsync[TState,TResult](TState state, Func`4 operation, Func`4 verifySucceeded, CancellationToken cancellationToken)
   at Microsoft.EntityFrameworkCore.Query.Internal.SingleQueryingEnumerable`1.AsyncEnumerator.MoveNextAsync()
ClientConnectionId:62a0540b-86bc-4d7f-a54c-59ffd990744f
Error Number:207,State:1,Class:16

[03/15/2022 00:58:29 ERR] Invalid column name 'Phone'. Microsoft.Data.SqlClient.SqlException (0x80131904): Invalid column name 'Phone'.
   at Microsoft.Data.SqlClient.SqlCommand.<>c.<ExecuteDbDataReaderAsync>b__169_0(Task`1 result)
   at System.Threading.Tasks.ContinuationResultTaskFromResultTask`2.InnerInvoke()
   at System.Threading.Tasks.Task.<>c.<.cctor>b__277_0(Object obj)
   at System.Threading.ExecutionContext.RunInternal(ExecutionContext executionContext, ContextCallback callback, Object state)
--- End of stack trace from previous location ---
   at System.Threading.ExecutionContext.RunInternal(ExecutionContext executionContext, ContextCallback callback, Object state)
   at System.Threading.Tasks.Task.ExecuteWithThreadLocal(Task& currentTaskSlot, Thread threadPoolThread)
--- End of stack trace from previous location ---
   at Microsoft.EntityFrameworkCore.Storage.RelationalCommand.ExecuteReaderAsync(RelationalCommandParameterObject parameterObject, CancellationToken cancellationToken)
   at Microsoft.EntityFrameworkCore.Storage.RelationalCommand.ExecuteReaderAsync(RelationalCommandParameterObject parameterObject, CancellationToken cancellationToken)
   at Microsoft.EntityFrameworkCore.Query.Internal.SingleQueryingEnumerable`1.AsyncEnumerator.InitializeReaderAsync(DbContext _, Boolean result, CancellationToken cancellationToken)
   at Microsoft.EntityFrameworkCore.SqlServer.Storage.Internal.SqlServerExecutionStrategy.ExecuteAsync[TState,TResult](TState state, Func`4 operation, Func`4 verifySucceeded, CancellationToken cancellationToken)
   at Microsoft.EntityFrameworkCore.Query.Internal.SingleQueryingEnumerable`1.AsyncEnumerator.MoveNextAsync()
   at Microsoft.EntityFrameworkCore.EntityFrameworkQueryableExtensions.ToListAsync[TSource](IQueryable`1 source, CancellationToken cancellationToken)
   at Microsoft.EntityFrameworkCore.EntityFrameworkQueryableExtensions.ToListAsync[TSource](IQueryable`1 source, CancellationToken cancellationToken)
   at ZigitHub.Infra.Data.Repositories.EmployeesRepository.GetAll() in C:\Users\ZIGIT\Documents\GitHub\Zigit\ZigitHub\ZigitHub.Infra.Data\Repositories\EmployeesRepository.cs:line 48
   at ZigitHub.Application.Services.EmployeesService.GetAll() in C:\Users\ZIGIT\Documents\GitHub\Zigit\ZigitHub\ZigitHub.Application\Services\EmployeesService.cs:line 30
   at ZigitHub.Api.Controllers.EmployeesController.Get() in C:\Users\ZIGIT\Documents\GitHub\Zigit\ZigitHub\ZigitHub.Api\Controllers\EmployeesController.cs:line 27
   at lambda_method10(Closure , Object )
   at Microsoft.AspNetCore.Mvc.Infrastructure.ActionMethodExecutor.AwaitableObjectResultExecutor.Execute(IActionResultTypeMapper mapper, ObjectMethodExecutor executor, Object controller, Object[] arguments)
   at Microsoft.AspNetCore.Mvc.Infrastructure.ControllerActionInvoker.<InvokeActionMethodAsync>g__Awaited|12_0(ControllerActionInvoker invoker, ValueTask`1 actionResultValueTask)
   at Microsoft.AspNetCore.Mvc.Infrastructure.ControllerActionInvoker.<InvokeNextActionFilterAsync>g__Awaited|10_0(ControllerActionInvoker invoker, Task lastTask, State next, Scope scope, Object state, Boolean isCompleted)
   at Microsoft.AspNetCore.Mvc.Infrastructure.ControllerActionInvoker.Rethrow(ActionExecutedContextSealed context)
   at Microsoft.AspNetCore.Mvc.Infrastructure.ControllerActionInvoker.Next(State& next, Scope& scope, Object& state, Boolean& isCompleted)
   at Microsoft.AspNetCore.Mvc.Infrastructure.ControllerActionInvoker.<InvokeInnerFilterAsync>g__Awaited|13_0(ControllerActionInvoker invoker, Task lastTask, State next, Scope scope, Object state, Boolean isCompleted)
   at Microsoft.AspNetCore.Mvc.Infrastructure.ResourceInvoker.<InvokeFilterPipelineAsync>g__Awaited|19_0(ResourceInvoker invoker, Task lastTask, State next, Scope scope, Object state, Boolean isCompleted)
   at Microsoft.AspNetCore.Mvc.Infrastructure.ResourceInvoker.<InvokeAsync>g__Awaited|17_0(ResourceInvoker invoker, Task task, IDisposable scope)
   at Microsoft.AspNetCore.Routing.EndpointMiddleware.<Invoke>g__AwaitRequestTask|6_0(Endpoint endpoint, Task requestTask, ILogger logger)
   at ZigitHub.Api.Middlewares.ExceptionsMiddleware.InvokeAsync(HttpContext httpContext, IOptions`1 config, IHttpContextAccessor contextAccessor, IOptions`1 globalConfigs, IMemoryCache cache) in C:\Users\ZIGIT\Documents\GitHub\Zigit\ZigitHub\ZigitHub.Api\Middlewares\ExceptionsMiddleware.cs:line 32
ClientConnectionId:62a0540b-86bc-4d7f-a54c-59ffd990744f
Error Number:207,State:1,Class:16

[03/15/2022 00:58:30 INF] "Api Response" GET: /api/employees?_end=10&_order=ASC&_sort=id&_start=0 
[03/15/2022 00:58:46 INF] "Api Request" GET: /api/harvest?_end=10&_order=ASC&_sort=id&_start=0 
[03/15/2022 00:58:46 ERR] Failed executing DbCommand ("6"ms) [Parameters=[""], CommandType='Text', CommandTimeout='30']"
""SELECT [e].[Id], [e].[Email], [e].[FirstName], [e].[HarvestAccountId], [e].[LastName], [e].[Phone]
FROM [Employees] AS [e]" 
[03/15/2022 00:58:46 ERR] An exception occurred while iterating over the results of a query for context type '"ZigitHub.Infra.Data.Context.ApplicationContext"'."
""Microsoft.Data.SqlClient.SqlException (0x80131904): Invalid column name 'Phone'.
   at Microsoft.Data.SqlClient.SqlCommand.<>c.<ExecuteDbDataReaderAsync>b__169_0(Task`1 result)
   at System.Threading.Tasks.ContinuationResultTaskFromResultTask`2.InnerInvoke()
   at System.Threading.Tasks.Task.<>c.<.cctor>b__277_0(Object obj)
   at System.Threading.ExecutionContext.RunInternal(ExecutionContext executionContext, ContextCallback callback, Object state)
--- End of stack trace from previous location ---
   at System.Threading.Tasks.Task.ExecuteWithThreadLocal(Task& currentTaskSlot, Thread threadPoolThread)
--- End of stack trace from previous location ---
   at Microsoft.EntityFrameworkCore.Storage.RelationalCommand.ExecuteReaderAsync(RelationalCommandParameterObject parameterObject, CancellationToken cancellationToken)
   at Microsoft.EntityFrameworkCore.Storage.RelationalCommand.ExecuteReaderAsync(RelationalCommandParameterObject parameterObject, CancellationToken cancellationToken)
   at Microsoft.EntityFrameworkCore.Query.Internal.SingleQueryingEnumerable`1.AsyncEnumerator.InitializeReaderAsync(DbContext _, Boolean result, CancellationToken cancellationToken)
   at Microsoft.EntityFrameworkCore.SqlServer.Storage.Internal.SqlServerExecutionStrategy.ExecuteAsync[TState,TResult](TState state, Func`4 operation, Func`4 verifySucceeded, CancellationToken cancellationToken)
   at Microsoft.EntityFrameworkCore.Query.Internal.SingleQueryingEnumerable`1.AsyncEnumerator.MoveNextAsync()
ClientConnectionId:62a0540b-86bc-4d7f-a54c-59ffd990744f
Error Number:207,State:1,Class:16" Microsoft.Data.SqlClient.SqlException (0x80131904): Invalid column name 'Phone'.
   at Microsoft.Data.SqlClient.SqlCommand.<>c.<ExecuteDbDataReaderAsync>b__169_0(Task`1 result)
   at System.Threading.Tasks.ContinuationResultTaskFromResultTask`2.InnerInvoke()
   at System.Threading.Tasks.Task.<>c.<.cctor>b__277_0(Object obj)
   at System.Threading.ExecutionContext.RunInternal(ExecutionContext executionContext, ContextCallback callback, Object state)
--- End of stack trace from previous location ---
   at System.Threading.Tasks.Task.ExecuteWithThreadLocal(Task& currentTaskSlot, Thread threadPoolThread)
--- End of stack trace from previous location ---
   at Microsoft.EntityFrameworkCore.Storage.RelationalCommand.ExecuteReaderAsync(RelationalCommandParameterObject parameterObject, CancellationToken cancellationToken)
   at Microsoft.EntityFrameworkCore.Storage.RelationalCommand.ExecuteReaderAsync(RelationalCommandParameterObject parameterObject, CancellationToken cancellationToken)
   at Microsoft.EntityFrameworkCore.Query.Internal.SingleQueryingEnumerable`1.AsyncEnumerator.InitializeReaderAsync(DbContext _, Boolean result, CancellationToken cancellationToken)
   at Microsoft.EntityFrameworkCore.SqlServer.Storage.Internal.SqlServerExecutionStrategy.ExecuteAsync[TState,TResult](TState state, Func`4 operation, Func`4 verifySucceeded, CancellationToken cancellationToken)
   at Microsoft.EntityFrameworkCore.Query.Internal.SingleQueryingEnumerable`1.AsyncEnumerator.MoveNextAsync()
ClientConnectionId:62a0540b-86bc-4d7f-a54c-59ffd990744f
Error Number:207,State:1,Class:16

[03/15/2022 00:59:32 INF] "Api Request" GET: /api/harvest?_end=10&_order=ASC&_sort=id&_start=0 
[03/15/2022 00:59:42 INF] Start processing HTTP request "GET" https://api.harvestapp.com/v2/time_entries?per_page=100&page=1 
[03/15/2022 00:59:42 INF] Sending HTTP request "GET" https://api.harvestapp.com/v2/time_entries?per_page=100&page=1 
[03/15/2022 00:59:43 INF] Received HTTP response headers after 839.7667ms - 200 
[03/15/2022 00:59:43 INF] End processing HTTP request after 859.7764ms - 200 
[03/15/2022 00:59:52 INF] "Api Response" GET: /api/harvest?_end=10&_order=ASC&_sort=id&_start=0 
[03/15/2022 00:59:53 INF] "Api Request" GET: /api/clients?id=8&id=1&id=0&id=2&id=3&id=7 
[03/15/2022 00:59:53 INF] "Api Request" GET: /api/projects?id=0&id=2&id=3 
[03/15/2022 00:59:53 INF] "Api Request" GET: /api/employees?id=10&id=6&id=7 
[03/15/2022 00:59:53 INF] "Api Response" GET: /api/employees?id=10&id=6&id=7 
[03/15/2022 00:59:53 INF] "Api Response" GET: /api/clients?id=8&id=1&id=0&id=2&id=3&id=7 
[03/15/2022 00:59:53 INF] "Api Response" GET: /api/projects?id=0&id=2&id=3 
[03/15/2022 01:03:01 INF] "Api Request" GET: /api/harvest?_end=10&_order=ASC&_sort=id&_start=0 
[03/15/2022 01:03:06 INF] Start processing HTTP request "GET" https://api.harvestapp.com/v2/time_entries?per_page=100&page=1 
[03/15/2022 01:03:06 INF] Sending HTTP request "GET" https://api.harvestapp.com/v2/time_entries?per_page=100&page=1 
[03/15/2022 01:03:07 INF] Received HTTP response headers after 622.1339ms - 200 
[03/15/2022 01:03:07 INF] End processing HTTP request after 640.1969ms - 200 
[03/15/2022 01:03:07 INF] "Api Response" GET: /api/harvest?_end=10&_order=ASC&_sort=id&_start=0 
[03/15/2022 01:03:07 INF] "Api Request" GET: /api/clients?id=8&id=1&id=0&id=2&id=5 
[03/15/2022 01:03:07 INF] "Api Request" GET: /api/projects?id=0&id=2 
[03/15/2022 01:03:07 INF] "Api Request" GET: /api/employees?id=10&id=0 
[03/15/2022 01:03:07 INF] "Api Response" GET: /api/employees?id=10&id=0 
[03/15/2022 01:03:07 INF] "Api Response" GET: /api/clients?id=8&id=1&id=0&id=2&id=5 
[03/15/2022 01:03:07 INF] "Api Response" GET: /api/projects?id=0&id=2 
[03/15/2022 01:03:10 INF] "Api Request" GET: /api/employees?_end=10&_order=ASC&_sort=id&_start=0 
[03/15/2022 01:03:10 INF] "Api Response" GET: /api/employees?_end=10&_order=ASC&_sort=id&_start=0 
[03/15/2022 01:03:38 INF] "Api Request" GET: /api/harvest?_end=10&_order=DESC&_sort=id&_start=0 
[03/15/2022 01:03:38 INF] "Api Request" GET: /api/employees/1 
[03/15/2022 01:03:38 INF] Start processing HTTP request "GET" https://api.harvestapp.com/v2/time_entries?per_page=100&page=1 
[03/15/2022 01:03:39 INF] "Api Response" GET: /api/employees/1 
[03/15/2022 01:03:39 INF] Sending HTTP request "GET" https://api.harvestapp.com/v2/time_entries?per_page=100&page=1 
[03/15/2022 01:03:39 INF] Received HTTP response headers after 512.4684ms - 200 
[03/15/2022 01:03:39 INF] End processing HTTP request after 561.732ms - 200 
[03/15/2022 01:03:39 INF] "Api Response" GET: /api/harvest?_end=10&_order=DESC&_sort=id&_start=0 
[03/15/2022 01:03:39 INF] "Api Request" GET: /api/clients?id=8&id=1&id=0&id=2&id=5 
[03/15/2022 01:03:39 INF] "Api Response" GET: /api/clients?id=8&id=1&id=0&id=2&id=5 
[03/15/2022 01:03:39 INF] "Api Request" GET: /api/projects?id=0&id=2 
[03/15/2022 01:03:39 INF] "Api Response" GET: /api/projects?id=0&id=2 
[03/15/2022 01:03:44 INF] "Api Request" GET: /api/employees/1 
[03/15/2022 01:03:44 INF] "Api Response" GET: /api/employees/1 
[03/15/2022 01:03:57 INF] "Api Request" PUT: /api/employees/1 
[03/15/2022 01:03:57 INF] "Api Response" PUT: /api/employees/1 
[03/15/2022 01:03:57 INF] "Api Request" GET: /api/employees?_end=10&_order=ASC&_sort=id&_start=0 
[03/15/2022 01:03:57 INF] "Api Response" GET: /api/employees?_end=10&_order=ASC&_sort=id&_start=0 
[03/15/2022 01:04:27 INF] "Api Request" GET: /api/events?_end=10&_order=ASC&_sort=id&_start=0 
[03/15/2022 01:04:27 INF] "Api Response" GET: /api/events?_end=10&_order=ASC&_sort=id&_start=0 
[03/15/2022 01:04:39 INF] "Api Request" GET: /api/employees?_end=10&_order=ASC&_sort=id&_start=0 
[03/15/2022 01:04:39 INF] "Api Response" GET: /api/employees?_end=10&_order=ASC&_sort=id&_start=0 
[03/15/2022 01:08:57 INF] "Api Request" GET: /api/employees?_end=10&_order=ASC&_sort=id&_start=0 
[03/15/2022 01:08:58 INF] "Api Response" GET: /api/employees?_end=10&_order=ASC&_sort=id&_start=0 
[03/15/2022 01:09:00 INF] "Api Request" GET: /api/harvest?_end=10&_order=DESC&_sort=id&_start=0 
[03/15/2022 01:09:00 INF] "Api Request" GET: /api/employees/1 
[03/15/2022 01:09:00 INF] "Api Response" GET: /api/employees/1 
[03/15/2022 01:09:00 INF] Start processing HTTP request "GET" https://api.harvestapp.com/v2/time_entries?per_page=100&page=1 
[03/15/2022 01:09:00 INF] Sending HTTP request "GET" https://api.harvestapp.com/v2/time_entries?per_page=100&page=1 
[03/15/2022 01:09:01 INF] Received HTTP response headers after 807.2404ms - 200 
[03/15/2022 01:09:01 INF] End processing HTTP request after 827.3237ms - 200 
[03/15/2022 01:09:01 INF] "Api Response" GET: /api/harvest?_end=10&_order=DESC&_sort=id&_start=0 
[03/15/2022 01:09:01 INF] "Api Request" GET: /api/clients?id=8&id=1&id=0&id=2&id=5 
[03/15/2022 01:09:01 INF] "Api Response" GET: /api/clients?id=8&id=1&id=0&id=2&id=5 
[03/15/2022 01:09:02 INF] "Api Request" GET: /api/projects?id=0&id=2 
[03/15/2022 01:09:02 INF] "Api Response" GET: /api/projects?id=0&id=2 
[03/15/2022 01:09:02 INF] "Api Request" GET: /api/employees/1 
[03/15/2022 01:09:02 INF] "Api Response" GET: /api/employees/1 
[03/15/2022 01:10:39 INF] "Api Request" PUT: /api/employees/1 
[03/15/2022 01:10:39 INF] "Api Response" PUT: /api/employees/1 
[03/15/2022 01:10:39 INF] "Api Request" GET: /api/employees?_end=10&_order=ASC&_sort=id&_start=0 
[03/15/2022 01:10:39 INF] "Api Response" GET: /api/employees?_end=10&_order=ASC&_sort=id&_start=0 
[03/15/2022 01:10:57 INF] "Api Request" GET: /api/harvest?_end=10&_order=DESC&_sort=id&_start=0 
[03/15/2022 01:10:57 INF] "Api Request" GET: /api/employees/1 
[03/15/2022 01:10:57 INF] Start processing HTTP request "GET" https://api.harvestapp.com/v2/time_entries?per_page=100&page=1 
[03/15/2022 01:10:57 INF] Sending HTTP request "GET" https://api.harvestapp.com/v2/time_entries?per_page=100&page=1 
[03/15/2022 01:10:57 INF] "Api Response" GET: /api/employees/1 
[03/15/2022 01:10:57 INF] "Api Request" GET: /api/clients?id=8&id=1&id=0&id=2&id=5 
[03/15/2022 01:10:57 INF] "Api Response" GET: /api/clients?id=8&id=1&id=0&id=2&id=5 
[03/15/2022 01:10:57 INF] "Api Request" GET: /api/projects?id=0&id=2 
[03/15/2022 01:10:57 INF] "Api Response" GET: /api/projects?id=0&id=2 
[03/15/2022 01:10:57 INF] Received HTTP response headers after 819.2407ms - 200 
[03/15/2022 01:10:57 INF] End processing HTTP request after 878.3165ms - 200 
[03/15/2022 01:10:58 INF] "Api Response" GET: /api/harvest?_end=10&_order=DESC&_sort=id&_start=0 
[03/15/2022 01:12:15 INF] "Api Request" GET: /api/employees/1 
[03/15/2022 01:12:15 INF] "Api Response" GET: /api/employees/1 
[03/15/2022 01:12:15 INF] "Api Request" GET: /api/harvest?_end=10&_order=DESC&_sort=id&_start=0 
[03/15/2022 01:12:15 INF] Start processing HTTP request "GET" https://api.harvestapp.com/v2/time_entries?per_page=100&page=1 
[03/15/2022 01:12:15 INF] Sending HTTP request "GET" https://api.harvestapp.com/v2/time_entries?per_page=100&page=1 
[03/15/2022 01:12:16 INF] Received HTTP response headers after 730.7695ms - 200 
[03/15/2022 01:12:16 INF] End processing HTTP request after 749.2457ms - 200 
[03/15/2022 01:12:16 INF] "Api Response" GET: /api/harvest?_end=10&_order=DESC&_sort=id&_start=0 
[03/15/2022 01:12:16 INF] "Api Request" GET: /api/clients?id=8&id=1&id=0&id=2&id=5 
[03/15/2022 01:12:16 INF] "Api Response" GET: /api/clients?id=8&id=1&id=0&id=2&id=5 
[03/15/2022 01:12:16 INF] "Api Request" GET: /api/projects?id=0&id=2 
[03/15/2022 01:12:16 INF] "Api Response" GET: /api/projects?id=0&id=2 
[03/15/2022 01:14:20 INF] "Api Request" GET: /api/employees/1 
[03/15/2022 01:14:20 INF] "Api Response" GET: /api/employees/1 
[03/15/2022 01:15:32 INF] "Api Request" GET: /api/employees/1 
[03/15/2022 01:15:32 INF] "Api Response" GET: /api/employees/1 
[03/15/2022 01:15:42 INF] "Api Request" PUT: /api/employees/1 
[03/15/2022 01:15:42 INF] "Api Response" PUT: /api/employees/1 
[03/15/2022 01:15:42 INF] "Api Request" GET: /api/employees?_end=10&_order=ASC&_sort=id&_start=0 
[03/15/2022 01:15:42 INF] "Api Response" GET: /api/employees?_end=10&_order=ASC&_sort=id&_start=0 
[03/15/2022 01:17:45 INF] "Api Request" GET: /api/harvest?_end=10&_order=DESC&_sort=id&_start=0 
[03/15/2022 01:17:45 INF] "Api Request" GET: /api/employees/1 
[03/15/2022 01:17:45 INF] Start processing HTTP request "GET" https://api.harvestapp.com/v2/time_entries?per_page=100&page=1 
[03/15/2022 01:17:45 INF] Sending HTTP request "GET" https://api.harvestapp.com/v2/time_entries?per_page=100&page=1 
[03/15/2022 01:17:45 INF] "Api Response" GET: /api/employees/1 
[03/15/2022 01:17:46 INF] "Api Request" GET: /api/employees/1 
[03/15/2022 01:17:46 INF] "Api Response" GET: /api/employees/1 
[03/15/2022 01:17:47 INF] Received HTTP response headers after 1220.7929ms - 200 
[03/15/2022 01:17:47 INF] End processing HTTP request after 1237.2609ms - 200 
[03/15/2022 01:17:47 INF] "Api Response" GET: /api/harvest?_end=10&_order=DESC&_sort=id&_start=0 
[03/15/2022 01:19:26 INF] "Api Request" GET: /api/employees?_end=10&_order=ASC&_sort=id&_start=0 
[03/15/2022 01:19:26 INF] "Api Response" GET: /api/employees?_end=10&_order=ASC&_sort=id&_start=0 
[03/22/2022 00:58:36 INF] "Api Request" GET: /api/clients 
[03/22/2022 00:58:51 INF] Start processing HTTP request "GET" https://api.harvestapp.com/v2/users 
[03/22/2022 00:58:51 INF] Sending HTTP request "GET" https://api.harvestapp.com/v2/users 
[03/22/2022 00:58:51 INF] Received HTTP response headers after 646.2756ms - 200 
[03/22/2022 00:58:51 INF] End processing HTTP request after 671.4632ms - 200 
[03/22/2022 08:53:38 INF] "Api Request" GET: /api/clients 
[03/22/2022 08:53:47 INF] Start processing HTTP request "GET" https://api.harvestapp.com/v2/users 
[03/22/2022 08:53:47 INF] Sending HTTP request "GET" https://api.harvestapp.com/v2/users 
[03/22/2022 08:53:47 INF] Received HTTP response headers after 639.4957ms - 200 
[03/22/2022 08:53:47 INF] End processing HTTP request after 659.745ms - 200 
[09/09/2022 17:33:21 INF] "Api Request" GET: /api/base 
[09/09/2022 17:33:21 INF] "Api Response" GET: /api/base 
